[0:motion] [DBG] [ALL] [Jun 18 08:31:40] motion_ntc: v4l2   : available
[0:motion] [DBG] [ALL] [Jun 18 08:31:40] motion_ntc: bktr   : not available
[0:motion] [DBG] [ALL] [Jun 18 08:31:40] motion_ntc: webp   : available
[0:motion] [DBG] [ALL] [Jun 18 08:31:40] motion_ntc: mmal   : not available
[0:motion] [DBG] [ALL] [Jun 18 08:31:40] motion_ntc: ffmpeg : available
[0:motion] [DBG] [DBL] [Jun 18 08:31:40] motion_ntc: mysql  : not available
[0:motion] [DBG] [DBL] [Jun 18 08:31:40] motion_ntc: MariaDB: available
[0:motion] [DBG] [DBL] [Jun 18 08:31:40] motion_ntc: sqlite3: available
[0:motion] [DBG] [DBL] [Jun 18 08:31:40] motion_ntc: pgsql  : not available
[0:motion] [DBG] [DBL] [Jun 18 08:31:40] motion_ntc: nls    : available
[0:motion] [DBG] [STR] [Jun 18 08:31:40] webu_mhd_features_basic: Basic authentication: available
[0:motion] [DBG] [STR] [Jun 18 08:31:40] webu_mhd_features_digest: Digest authentication: available
[0:motion] [DBG] [STR] [Jun 18 08:31:40] webu_mhd_features_ipv6: IPV6: available
[0:motion] [DBG] [STR] [Jun 18 08:31:40] webu_mhd_features_tls: SSL/TLS: available
[0:motion] [DBG] [STR] [Jun 18 08:31:40] webu_mhd_features_basic: Basic authentication: available
[0:motion] [DBG] [STR] [Jun 18 08:31:40] webu_mhd_features_digest: Digest authentication: available
[0:motion] [DBG] [STR] [Jun 18 08:31:40] webu_mhd_features_ipv6: IPV6: available
[0:motion] [DBG] [STR] [Jun 18 08:31:40] webu_mhd_features_tls: SSL/TLS: available
[0:motion] [DBG] [STR] [Jun 18 08:31:40] webu_mhd_features_basic: Basic authentication: available
[0:motion] [DBG] [STR] [Jun 18 08:31:40] webu_mhd_features_digest: Digest authentication: available
[0:motion] [DBG] [STR] [Jun 18 08:31:40] webu_mhd_features_ipv6: IPV6: available
[0:motion] [DBG] [STR] [Jun 18 08:31:40] webu_mhd_features_tls: SSL/TLS: available
[0:motion] [DBG] [STR] [Jun 18 08:31:40] webu_mhd_features_basic: Basic authentication: available
[0:motion] [DBG] [STR] [Jun 18 08:31:40] webu_mhd_features_digest: Digest authentication: available
[0:motion] [DBG] [STR] [Jun 18 08:31:40] webu_mhd_features_ipv6: IPV6: available
[0:motion] [DBG] [STR] [Jun 18 08:31:40] webu_mhd_features_tls: SSL/TLS: available
[0:motion] [DBG] [STR] [Jun 18 08:31:40] webu_mhd_features_basic: Basic authentication: available
[0:motion] [DBG] [STR] [Jun 18 08:31:40] webu_mhd_features_digest: Digest authentication: available
[0:motion] [DBG] [STR] [Jun 18 08:31:40] webu_mhd_features_ipv6: IPV6: available
[0:motion] [DBG] [STR] [Jun 18 08:31:40] webu_mhd_features_tls: SSL/TLS: available
[0:motion] [DBG] [STR] [Jun 18 08:31:40] webu_mhd_features_basic: Basic authentication: available
[0:motion] [DBG] [STR] [Jun 18 08:31:40] webu_mhd_features_digest: Digest authentication: available
[0:motion] [DBG] [STR] [Jun 18 08:31:40] webu_mhd_features_ipv6: IPV6: available
[0:motion] [DBG] [STR] [Jun 18 08:31:40] webu_mhd_features_tls: SSL/TLS: available
[0:motion] [DBG] [STR] [Jun 18 08:31:40] webu_mhd_features_basic: Basic authentication: available
[0:motion] [DBG] [STR] [Jun 18 08:31:40] webu_mhd_features_digest: Digest authentication: available
[0:motion] [DBG] [STR] [Jun 18 08:31:40] webu_mhd_features_ipv6: IPV6: available
[0:motion] [DBG] [STR] [Jun 18 08:31:40] webu_mhd_features_tls: SSL/TLS: available
[0:motion] [DBG] [STR] [Jun 18 08:31:40] webu_mhd_features_basic: Basic authentication: available
[0:motion] [DBG] [STR] [Jun 18 08:31:40] webu_mhd_features_digest: Digest authentication: available
[0:motion] [DBG] [STR] [Jun 18 08:31:40] webu_mhd_features_ipv6: IPV6: available
[0:motion] [DBG] [STR] [Jun 18 08:31:40] webu_mhd_features_tls: SSL/TLS: available
[0:motion] [DBG] [STR] [Jun 18 08:31:40] webu_mhd_features_basic: Basic authentication: available
[0:motion] [DBG] [STR] [Jun 18 08:31:40] webu_mhd_features_digest: Digest authentication: available
[0:motion] [DBG] [STR] [Jun 18 08:31:40] webu_mhd_features_ipv6: IPV6: available
[0:motion] [DBG] [STR] [Jun 18 08:31:40] webu_mhd_features_tls: SSL/TLS: available
[0:motion] [DBG] [STR] [Jun 18 08:31:40] webu_mhd_features_basic: Basic authentication: available
[0:motion] [DBG] [STR] [Jun 18 08:31:40] webu_mhd_features_digest: Digest authentication: available
[0:motion] [DBG] [STR] [Jun 18 08:31:40] webu_mhd_features_ipv6: IPV6: available
[0:motion] [DBG] [STR] [Jun 18 08:31:40] webu_mhd_features_tls: SSL/TLS: available
[0:motion] [DBG] [STR] [Jun 18 08:31:40] webu_mhd_features_basic: Basic authentication: available
[0:motion] [DBG] [STR] [Jun 18 08:31:40] webu_mhd_features_digest: Digest authentication: available
[0:motion] [DBG] [STR] [Jun 18 08:31:40] webu_mhd_features_ipv6: IPV6: available
[0:motion] [DBG] [STR] [Jun 18 08:31:40] webu_mhd_features_tls: SSL/TLS: available
[5:av0:05-x05] [INF] [NET] [Jun 18 08:31:42] netcam_hwdecoders: norm: cuda (available)
[5:av0:05-x05] [INF] [NET] [Jun 18 08:31:42] netcam_hwdecoders: norm: vaapi (available)
[3:av0:03-x03] [INF] [NET] [Jun 18 08:31:42] netcam_hwdecoders: norm: cuda (available)
[3:av0:03-x03] [INF] [NET] [Jun 18 08:31:42] netcam_hwdecoders: norm: vaapi (available)
[4:av0:04-x04] [INF] [NET] [Jun 18 08:31:42] netcam_hwdecoders: norm: cuda (available)
[4:av0:04-x04] [INF] [NET] [Jun 18 08:31:42] netcam_hwdecoders: norm: vaapi (available)
[8:av0:08-x08] [INF] [NET] [Jun 18 08:31:42] netcam_hwdecoders: norm: cuda (available)
[8:av0:08-x08] [INF] [NET] [Jun 18 08:31:42] netcam_hwdecoders: norm: vaapi (available)
[9:av0:09-x09] [INF] [NET] [Jun 18 08:31:42] netcam_hwdecoders: norm: cuda (available)
[9:av0:09-x09] [INF] [NET] [Jun 18 08:31:42] netcam_hwdecoders: norm: vaapi (available)
[10:av0:10-x10o] [INF] [NET] [Jun 18 08:31:42] netcam_hwdecoders: norm: cuda (available)
[10:av0:10-x10o] [INF] [NET] [Jun 18 08:31:42] netcam_hwdecoders: norm: vaapi (available)
[2:av0:02-x02] [INF] [NET] [Jun 18 08:31:42] netcam_hwdecoders: norm: cuda (available)
[2:av0:02-x02] [INF] [NET] [Jun 18 08:31:42] netcam_hwdecoders: norm: vaapi (available)
[7:av0:07-x07] [INF] [NET] [Jun 18 08:31:42] netcam_hwdecoders: norm: cuda (available)
[7:av0:07-x07] [INF] [NET] [Jun 18 08:31:42] netcam_hwdecoders: norm: vaapi (available)
[1:av0:01-x01] [INF] [NET] [Jun 18 08:31:42] netcam_hwdecoders: norm: cuda (available)
[1:av0:01-x01] [INF] [NET] [Jun 18 08:31:42] netcam_hwdecoders: norm: vaapi (available)
[6:av0:06-x06] [INF] [NET] [Jun 18 08:31:42] netcam_hwdecoders: norm: cuda (available)
[6:av0:06-x06] [INF] [NET] [Jun 18 08:31:42] netcam_hwdecoders: norm: vaapi (available)
